
============================================================
  Alpha Lab 일일 파이프라인
  2026-03-16 18:00
  DB: Railway PostgreSQL
============================================================

──────────────────────────────────────────────────
  ▶ 유니버스 재구축
──────────────────────────────────────────────────
리밸런싱 날짜: 297건
  [20/297] 2018-07-02 (biweekly): 262종목, 누적: 5,970건
  [40/297] 2019-02-01 (monthly): 259종목, 누적: 11,075건
  [60/297] 2019-08-16 (biweekly): 239종목, 누적: 16,373건
  [80/297] 2020-03-02 (biweekly): 242종목, 누적: 21,384건
  [100/297] 2020-10-05 (monthly): 300종목, 누적: 26,723건
  [120/297] 2021-04-15 (biweekly): 353종목, 누적: 33,160건
  [140/297] 2021-11-01 (biweekly): 375종목, 누적: 40,493건
  [160/297] 2022-06-02 (monthly): 361종목, 누적: 47,754건
  [180/297] 2022-12-15 (biweekly): 325종목, 누적: 54,307건
  [200/297] 2023-07-03 (biweekly): 361종목, 누적: 61,077건
  [220/297] 2024-02-01 (monthly): 356종목, 누적: 68,099건
  [240/297] 2024-08-16 (biweekly): 349종목, 누적: 75,377건
  [260/297] 2025-03-04 (biweekly): 357종목, 누적: 82,290건
  [280/297] 2025-10-01 (monthly): 424종목, 누적: 90,052건
  [297/297] 2026-03-16 (biweekly): 394종목, 누적: 97,835건

=== 완료: 97,835건 ===
  biweekly: 198회 리밸런싱, 평균 329.6종목/회
  monthly: 99회 리밸런싱, 평균 329.1종목/회
  ✓ 유니버스 재구축 완료 (9.4분)

──────────────────────────────────────────────────
  ▶ Forward/Consensus 수집
──────────────────────────────────────────────────
  universe 종목: 920개
  수집 기간: 20251106 ~ 20260316

============================================================
  Forward 지표 수집 (Consensus4Api)
  대상: 920종목, 기간: 20251106 ~ 20260316
============================================================
  스킵: 0종목 (완료), 수집: 920종목 (160개 구간)
  구간 20171229~20260316: 1종목 (10년분할)
  [5] 2021년 저장: 2건
  [10] 2026년 저장: 2건
  구간 20180111~20260316: 1종목 (9년분할)
  [15] 2022년 저장: 2건
  구간 20180214~20260316: 1종목 (9년분할)
  [20] 2018년 저장: 601건
  [25] 2023년 저장: 601건
  구간 20180317~20260316: 1종목 (9년분할)
  [30] 2019년 저장: 602건
  [35] 2024년 저장: 602건
  구간 20180403~20260316: 1종목 (9년분할)
  [40] 2020년 저장: 602건
  [45] 2025년 저장: 757건
  구간 20180421~20260316: 1종목 (9년분할)
  [50] 2021년 저장: 758건
  [55] 2026년 저장: 758건
  구간 20180428~20260316: 1종목 (9년분할)
  [60] 2022년 저장: 759건
  구간 20180505~20260316: 1종목 (9년분할)
  [65] 2018년 저장: 760건
  [70] 2023년 저장: 760건
  구간 20180512~20260316: 1종목 (9년분할)
  [75] 2019년 저장: 761건
  [80] 2024년 저장: 761건
  구간 20180608~20260316: 1종목 (9년분할)
  [85] 2020년 저장: 761건
  [90] 2025년 저장: 761건
  구간 20180613~20260316: 1종목 (9년분할)
  [95] 2021년 저장: 762건
  [100] 2026년 저장: 762건
  구간 20180623~20260316: 1종목 (9년분할)
  [105] 2022년 저장: 763건
  구간 20180630~20260316: 1종목 (9년분할)
  [110] 2018년 저장: 764건
  [115] 2023년 저장: 764건
  구간 20180719~20260316: 1종목 (9년분할)
  [120] 2019년 저장: 764건
  [125] 2024년 저장: 879건
  구간 20180724~20260316: 1종목 (9년분할)
  [130] 2020년 저장: 1,162건
  [135] 2025년 저장: 1,162건
  구간 20180907~20260316: 1종목 (9년분할)
  [140] 2021년 저장: 1,162건
  [145] 2026년 저장: 1,162건
  구간 20180922~20260316: 3종목 (9년분할)
  [150] 2022년 저장: 1,165건
  구간 20181026~20260316: 1종목 (9년분할)
  [155] 2018년 저장: 1,165건
  [160] 2023년 저장: 1,165건
  구간 20181120~20260316: 1종목 (9년분할)
  [165] 2019년 저장: 1,165건
  [170] 2024년 저장: 1,216건
  구간 20181123~20260316: 1종목 (9년분할)
  [175] 2020년 저장: 1,446건
  [180] 2025년 저장: 1,446건
  구간 20181127~20260316: 1종목 (9년분할)
  [185] 2021년 저장: 1,446건
  [190] 2026년 저장: 1,446건
  구간 20181206~20260316: 1종목 (9년분할)
  [195] 2022년 저장: 1,446건
  구간 20181211~20260316: 1종목 (9년분할)
  [200] 2018년 저장: 1,446건
  [205] 2023년 저장: 1,446건
  구간 20181214~20260316: 1종목 (9년분할)
  [210] 2019년 저장: 1,446건
  [215] 2024년 저장: 1,446건
  구간 20181215~20260316: 1종목 (9년분할)
  [220] 2020년 저장: 1,447건
  [225] 2025년 저장: 1,447건
  구간 20181219~20260316: 1종목 (9년분할)
  [230] 2021년 저장: 1,447건
  [235] 2026년 저장: 1,447건
  구간 20181229~20260316: 3종목 (9년분할)
  [240] 2022년 저장: 1,453건
  구간 20190202~20260316: 1종목 (8년분할)
  [245] 2019년 저장: 1,479건
  [250] 2024년 저장: 1,479건
  구간 20190213~20260316: 1종목 (8년분할)
  [255] 2021년 저장: 1,479건
  [260] 2026년 저장: 1,883건
  구간 20190215~20260316: 1종목 (8년분할)
  [265] 2023년 저장: 1,883건
  구간 20190220~20260316: 1종목 (8년분할)
  [270] 2020년 저장: 1,883건
  [275] 2025년 저장: 2,074건
  구간 20190301~20260316: 1종목 (8년분할)
  [280] 2022년 저장: 2,147건
  구간 20190305~20260316: 1종목 (8년분할)
  [285] 2019년 저장: 2,778건
  [290] 2024년 저장: 2,778건
  구간 20190316~20260316: 1종목 (8년분할)
  [295] 2021년 저장: 2,779건
  [300] 2026년 저장: 2,779건
  구간 20190427~20260316: 1종목 (8년분할)
  [305] 2023년 저장: 2,780건
  구간 20190518~20260316: 2종목 (8년분할)
  [310] 2020년 저장: 2,782건
  [315] 2025년 저장: 2,844건
  구간 20190525~20260316: 2종목 (8년분할)
  [320] 2022년 저장: 2,846건
  구간 20190531~20260316: 2종목 (8년분할)
  [325] 2019년 저장: 2,846건
  [330] 2024년 저장: 3,496건
  구간 20190614~20260316: 1종목 (8년분할)
  [335] 2021년 저장: 3,631건
  [340] 2026년 저장: 3,631건
  구간 20190709~20260316: 1종목 (8년분할)
  [345] 2023년 저장: 3,631건
  구간 20190815~20260316: 1종목 (8년분할)
  [350] 2020년 저장: 3,632건
  [355] 2025년 저장: 3,632건
  구간 20190820~20260316: 1종목 (8년분할)
  [360] 2022년 저장: 3,713건
  구간 20190905~20260316: 1종목 (8년분할)
  [365] 2019년 저장: 3,732건
  [370] 2024년 저장: 3,866건
  구간 20190917~20260316: 1종목 (8년분할)
  [375] 2021년 저장: 4,020건
  [380] 2026년 저장: 4,020건
  구간 20190925~20260316: 1종목 (8년분할)
  [385] 2023년 저장: 4,020건
  구간 20191012~20260316: 1종목 (8년분할)
  [390] 2020년 저장: 4,021건
  [395] 2025년 저장: 4,140건
  구간 20191112~20260316: 1종목 (8년분할)
  [400] 2022년 저장: 4,140건
  구간 20191123~20260316: 1종목 (8년분할)
  [405] 2019년 저장: 4,141건
  [410] 2024년 저장: 4,223건
  구간 20191205~20260316: 1종목 (8년분할)
  [415] 2021년 저장: 4,294건
  [420] 2026년 저장: 4,294건
  구간 20191231~20260316: 3종목 (8년분할)
  [425] 2023년 저장: 4,486건
  구간 20200211~20260316: 2종목 (7년분할)
  [430] 2021년 저장: 5,060건
  [435] 2026년 저장: 5,455건
  구간 20200215~20260316: 1종목 (7년분할)
  [440] 2024년 저장: 5,456건
  구간 20200219~20260316: 2종목 (7년분할)
  [445] 2022년 저장: 5,456건
  구간 20200222~20260316: 1종목 (7년분할)
  [450] 2020년 저장: 5,464건
  [455] 2025년 저장: 5,605건
  구간 20200229~20260316: 1종목 (7년분할)
  [460] 2023년 저장: 5,606건
  구간 20200307~20260316: 2종목 (7년분할)
  [465] 2021년 저장: 5,960건
  [470] 2026년 저장: 5,960건
  구간 20200402~20260316: 1종목 (7년분할)
  [475] 2024년 저장: 6,020건
  구간 20200521~20260316: 1종목 (7년분할)
  [480] 2022년 저장: 6,020건
  구간 20200617~20260316: 1종목 (7년분할)
  [485] 2020년 저장: 6,020건
  [490] 2025년 저장: 6,085건
  구간 20200624~20260316: 1종목 (7년분할)
  [495] 2023년 저장: 6,264건
  구간 20200630~20260316: 2종목 (7년분할)
  [500] 2021년 저장: 6,490건
  [505] 2026년 저장: 6,490건
  구간 20200702~20260316: 1종목 (7년분할)
  [510] 2024년 저장: 6,490건
  구간 20200718~20260316: 1종목 (7년분할)
  [515] 2022년 저장: 6,491건
  구간 20200804~20260316: 1종목 (7년분할)
  [520] 2020년 저장: 6,491건
  [525] 2025년 저장: 6,738건
  구간 20200806~20260316: 1종목 (7년분할)
  [530] 2023년 저장: 6,770건
  구간 20200813~20260316: 1종목 (7년분할)
  [535] 2021년 저장: 6,770건
  [540] 2026년 저장: 6,770건
  구간 20200825~20260316: 1종목 (7년분할)
  [545] 2024년 저장: 6,770건
  구간 20200827~20260316: 1종목 (7년분할)
  [550] 2022년 저장: 6,770건
  구간 20200829~20260316: 1종목 (7년분할)
  [555] 2020년 저장: 6,809건
  [560] 2025년 저장: 7,392건
  구간 20200924~20260316: 1종목 (7년분할)
  [565] 2023년 저장: 7,441건
  구간 20201022~20260316: 1종목 (7년분할)
  [570] 2021년 저장: 7,441건
  [575] 2026년 저장: 7,654건
  구간 20201028~20260316: 1종목 (7년분할)
  [580] 2024년 저장: 7,990건
  구간 20201031~20260316: 1종목 (7년분할)
  [585] 2022년 저장: 8,329건
  구간 20201118~20260316: 3종목 (7년분할)
  [590] 2020년 저장: 8,329건
  [595] 2025년 저장: 8,945건
  구간 20201124~20260316: 1종목 (7년분할)
  [600] 2023년 저장: 9,009건
  구간 20201125~20260316: 1종목 (7년분할)
  [605] 2021년 저장: 9,107건
  [610] 2026년 저장: 9,147건
  구간 20201208~20260316: 1종목 (7년분할)
  [615] 2024년 저장: 9,209건
  구간 20201219~20260316: 1종목 (7년분할)
  [620] 2022년 저장: 9,325건
  구간 20201231~20260316: 1종목 (7년분할)
  [625] 2020년 저장: 9,326건
  [630] 2025년 저장: 9,327건
  구간 20210123~20260316: 1종목 (6년분할)
  [635] 2024년 저장: 9,328건
  구간 20210127~20260316: 1종목 (6년분할)
  [640] 2023년 저장: 9,328건
  구간 20210217~20260316: 1종목 (6년분할)
  [645] 2022년 저장: 9,543건
  구간 20210218~20260316: 3종목 (6년분할)
  [650] 2021년 저장: 9,666건
  [655] 2026년 저장: 10,422건
  구간 20210224~20260316: 1종목 (6년분할)
  [660] 2025년 저장: 10,422건
  구간 20210226~20260316: 1종목 (6년분할)
  [665] 2024년 저장: 10,703건
  구간 20210306~20260316: 1종목 (6년분할)
  [670] 2023년 저장: 10,757건
  구간 20210313~20260316: 1종목 (6년분할)
  [675] 2022년 저장: 10,758건
  구간 20210408~20260316: 1종목 (6년분할)
  [680] 2021년 저장: 10,987건
  [685] 2026년 저장: 10,987건
  구간 20210413~20260316: 1종목 (6년분할)
  [690] 2025년 저장: 10,987건
  구간 20210424~20260316: 1종목 (6년분할)
  [695] 2024년 저장: 10,988건
  구간 20210428~20260316: 1종목 (6년분할)
  [700] 2023년 저장: 10,988건
  구간 20210501~20260316: 1종목 (6년분할)
  [705] 2022년 저장: 11,501건
  구간 20210515~20260316: 1종목 (6년분할)
  [710] 2021년 저장: 11,684건
  [715] 2026년 저장: 12,324건
  구간 20210521~20260316: 1종목 (6년분할)
  [720] 2025년 저장: 12,324건
  구간 20210525~20260316: 1종목 (6년분할)
  [725] 2024년 저장: 12,324건
  구간 20210526~20260316: 1종목 (6년분할)
  [730] 2023년 저장: 12,324건
  구간 20210615~20260316: 1종목 (6년분할)
  [735] 2022년 저장: 12,431건
  구간 20210630~20260316: 1종목 (6년분할)
  [740] 2021년 저장: 12,431건
  [745] 2026년 저장: 13,015건
  구간 20210709~20260316: 1종목 (6년분할)
  [750] 2025년 저장: 13,015건
  구간 20210715~20260316: 1종목 (6년분할)
  [755] 2024년 저장: 13,015건
  구간 20210717~20260316: 1종목 (6년분할)
  [760] 2023년 저장: 13,016건
  구간 20210728~20260316: 2종목 (6년분할)
  [765] 2022년 저장: 13,016건
  구간 20210803~20260316: 1종목 (6년분할)
  [770] 2021년 저장: 13,016건
  [775] 2026년 저장: 13,338건
  구간 20210810~20260316: 1종목 (6년분할)
  [780] 2025년 저장: 13,338건
  구간 20210811~20260316: 1종목 (6년분할)
  [785] 2024년 저장: 13,784건
  구간 20210812~20260316: 1종목 (6년분할)
  [790] 2023년 저장: 14,058건
  구간 20210818~20260316: 1종목 (6년분할)
  [795] 2022년 저장: 14,479건
  구간 20210824~20260316: 1종목 (6년분할)
  [800] 2021년 저장: 14,638건
  [805] 2026년 저장: 14,638건
  구간 20210914~20260316: 1종목 (6년분할)
  [810] 2025년 저장: 14,638건
  구간 20210929~20260316: 1종목 (6년분할)
  [815] 2024년 저장: 14,638건
  구간 20211002~20260316: 1종목 (6년분할)
  [820] 2023년 저장: 15,015건
  구간 20211008~20260316: 2종목 (6년분할)
  [825] 2022년 저장: 15,577건
  구간 20211019~20260316: 1종목 (6년분할)
  [830] 2021년 저장: 15,974건
  [835] 2026년 저장: 16,119건
  구간 20211026~20260316: 1종목 (6년분할)
  [840] 2025년 저장: 17,092건
  구간 20211029~20260316: 1종목 (6년분할)
  [845] 2024년 저장: 17,263건
  구간 20211103~20260316: 1종목 (6년분할)
  [850] 2023년 저장: 17,376건
  구간 20211118~20260316: 3종목 (6년분할)
  [855] 2022년 저장: 17,439건
  구간 20211127~20260316: 1종목 (6년분할)
  [860] 2021년 저장: 18,439건
  [865] 2026년 저장: 18,560건
  구간 20211130~20260316: 2종목 (6년분할)
  [870] 2025년 저장: 18,991건
  구간 20211202~20260316: 1종목 (6년분할)
  [875] 2024년 저장: 19,631건
  구간 20211204~20260316: 2종목 (6년분할)
  [880] 2023년 저장: 20,297건
  구간 20211214~20260316: 2종목 (6년분할)
  [885] 2022년 저장: 20,989건
  구간 20211215~20260316: 1종목 (6년분할)
  [890] 2021년 저장: 21,860건
  [895] 2026년 저장: 22,152건
  구간 20211231~20260316: 188종목 (6년분할)
  [900] 2021년 저장: 22,202건
  [905] 2021년 저장: 22,252건
  [910] 2021년 저장: 22,302건
  [915] 2022년 저장: 23,881건
  [920] 2022년 저장: 35,433건
  [925] 2022년 저장: 46,995건
  [930] 2022년 저장: 57,554건
  [935] 2023년 저장: 66,856건
  [940] 2023년 저장: 77,903건
  [945] 2023년 저장: 88,687건
  [950] 2023년 저장: 98,535건
  [955] 2024년 저장: 108,282건
  [960] 2024년 저장: 119,180건
  [965] 2024년 저장: 129,175건
  [970] 2024년 저장: 139,325건
  [975] 2025년 저장: 149,294건
  [980] 2025년 저장: 159,194건
  [985] 2025년 저장: 168,903건
  [990] 2025년 저장: 178,806건
  [995] 2026년 저장: 180,725건
  [1000] 2026년 저장: 182,648건
  [1005] 2026년 저장: 184,503건
  구간 20220105~20260316: 2종목 (5년분할)
  [1010] 2022년 저장: 186,121건
  구간 20220126~20260316: 1종목 (5년분할)
  [1015] 2022년 저장: 186,898건
  구간 20220204~20260316: 1종목 (5년분할)
  [1020] 2022년 저장: 186,962건
  구간 20220216~20260316: 1종목 (5년분할)
  [1025] 2022년 저장: 187,455건
  구간 20220226~20260316: 1종목 (5년분할)
  [1030] 2022년 저장: 187,456건
  구간 20220323~20260316: 1종목 (5년분할)
  [1035] 2022년 저장: 187,456건
  구간 20220412~20260316: 1종목 (5년분할)
  [1040] 2022년 저장: 187,582건
  구간 20220416~20260316: 1종목 (5년분할)
  [1045] 2022년 저장: 188,199건
  구간 20220514~20260316: 1종목 (5년분할)
  [1050] 2022년 저장: 188,200건
  구간 20220610~20260316: 1종목 (5년분할)
  [1055] 2022년 저장: 188,291건
  구간 20220611~20260316: 1종목 (5년분할)
  [1060] 2022년 저장: 188,390건
  구간 20220614~20260316: 1종목 (5년분할)
  [1065] 2022년 저장: 188,483건
  구간 20220621~20260316: 1종목 (5년분할)
  [1070] 2022년 저장: 188,868건
  구간 20220630~20260316: 1종목 (5년분할)
  [1075] 2022년 저장: 189,172건
  구간 20220702~20260316: 1종목 (5년분할)
  [1080] 2022년 저장: 189,500건
  구간 20220720~20260316: 3종목 (5년분할)
  [1085] 2022년 저장: 189,897건
  구간 20220818~20260316: 1종목 (5년분할)
  [1090] 2022년 저장: 190,205건
  구간 20220826~20260316: 2종목 (5년분할)
  [1095] 2022년 저장: 190,659건
  구간 20220831~20260316: 1종목 (5년분할)
  [1100] 2022년 저장: 190,985건
  구간 20221001~20260316: 1종목 (5년분할)
  [1105] 2022년 저장: 191,048건
  구간 20221007~20260316: 1종목 (5년분할)
  [1110] 2022년 저장: 191,830건
  구간 20221008~20260316: 1종목 (5년분할)
  [1115] 2022년 저장: 191,831건
  구간 20221018~20260316: 1종목 (5년분할)
  [1120] 2022년 저장: 192,250건
  구간 20221027~20260316: 1종목 (5년분할)
  [1125] 2022년 저장: 192,728건
  구간 20221110~20260316: 1종목 (5년분할)
  [1130] 2022년 저장: 193,483건
  구간 20221118~20260316: 2종목 (5년분할)
  [1135] 2022년 저장: 193,552건
  구간 20221122~20260316: 1종목 (5년분할)
  [1140] 2022년 저장: 194,337건
  구간 20221123~20260316: 1종목 (5년분할)
  [1145] 2022년 저장: 195,079건
  구간 20221124~20260316: 1종목 (5년분할)
  [1150] 2022년 저장: 195,856건
  구간 20221130~20260316: 1종목 (5년분할)
  [1155] 2022년 저장: 196,562건
  구간 20221202~20260316: 1종목 (5년분할)
  [1160] 2022년 저장: 197,165건
  구간 20221203~20260316: 1종목 (5년분할)
  [1165] 2022년 저장: 197,692건
  구간 20221217~20260316: 1종목 (5년분할)
  [1170] 2022년 저장: 198,313건
  구간 20221224~20260316: 1종목 (5년분할)
  [1175] 2022년 저장: 198,540건
  구간 20221230~20260316: 230종목 (5년분할)
  [1180] 2022년 저장: 198,854건
  [1185] 2022년 저장: 198,904건
  [1190] 2022년 저장: 198,954건
  [1195] 2022년 저장: 199,004건
  [1200] 2022년 저장: 199,054건
  [1205] 2023년 저장: 205,762건
  [1210] 2023년 저장: 216,660건
  [1215] 2023년 저장: 227,374건
  [1220] 2023년 저장: 238,409건
  [1225] 2023년 저장: 248,882건
  [1230] 2024년 저장: 259,849건
  [1235] 2024년 저장: 270,122건
  [1240] 2024년 저장: 280,053건
  [1245] 2024년 저장: 291,218건
  [1250] 2025년 저장: 301,639건
  [1255] 2025년 저장: 311,966건
  [1260] 2025년 저장: 321,873건
  [1265] 2025년 저장: 331,634건
  [1270] 2025년 저장: 342,163건
  [1275] 2026년 저장: 345,986건
  [1280] 2026년 저장: 347,847건
  [1285] 2026년 저장: 349,773건
  [1290] 2026년 저장: 351,732건
  구간 20251106~20260316: 316종목 (2년분할)
  [1295] 2025년 저장: 353,513건
  [1300] 2025년 저장: 353,696건
  [1305] 2025년 저장: 353,848건
  [1310] 2025년 저장: 354,162건
  [1315] 2025년 저장: 354,371건
  [1320] 2025년 저장: 354,529건
  [1325] 2025년 저장: 354,763건
  [1330] 2026년 저장: 355,102건
  [1335] 2026년 저장: 355,285건
  [1340] 2026년 저장: 355,585건
  [1345] 2026년 저장: 355,865건
  [1350] 2026년 저장: 356,189건
  [1355] 2026년 저장: 356,531건

  Forward 완료: 356,654건 (API 성공 5432, 실패 0)

============================================================
  Consensus Daily 수집 (Consensus3Api)
  대상: 920종목, 기간: 20251106 ~ 20260316
  추정 대상 연도: ['2026', '2027']
============================================================

  2026년: 스킵 0, 수집 920종목 (1개 구간)
    구간 20251106~20260316: 920종목
  [5] 2026년 저장: 2,165건
  [10] 2026년 저장: 4,265건
  [15] 2026년 저장: 6,682건
  [20] 2026년 저장: 8,357건
  [25] 2026년 저장: 10,839건
  [30] 2026년 저장: 12,601건
  [35] 2026년 저장: 13,960건
  [40] 2026년 저장: 16,500건
  [45] 2026년 저장: 18,688건
  [50] 2026년 저장: 20,671건
  [55] 2026년 저장: 23,175건
  [60] 2026년 저장: 25,048건
  [65] 2026년 저장: 26,560건
  [70] 2026년 저장: 28,540건
  [75] 2026년 저장: 30,718건
  [80] 2026년 저장: 32,281건
  [85] 2026년 저장: 34,460건
  [90] 2026년 저장: 36,701건

  2027년: 스킵 0, 수집 920종목 (1개 구간)
    구간 20251106~20260316: 920종목
  [5] 2027년 저장: 39,756건
  [10] 2027년 저장: 41,714건
  [15] 2027년 저장: 43,911건
  [20] 2027년 저장: 45,583건
  [25] 2027년 저장: 48,044건
  [30] 2027년 저장: 49,729건
  [35] 2027년 저장: 50,968건
  [40] 2027년 저장: 53,394건
  [45] 2027년 저장: 55,513건
  [50] 2027년 저장: 57,483건
  [55] 2027년 저장: 59,734건
  [60] 2027년 저장: 61,561건
  [65] 2027년 저장: 63,021건
  [70] 2027년 저장: 64,877건
  [75] 2027년 저장: 66,895건
  [80] 2027년 저장: 68,422건
  [85] 2027년 저장: 70,514건
  [90] 2027년 저장: 72,622건

  Consensus Daily 완료: 73,579건 (API 성공 184, 실패 0)
  ✓ Forward/Consensus 수집 완료 (138.0분)

──────────────────────────────────────────────────
  ▶ PG→SQLite 동기화
──────────────────────────────────────────────────
    daily_price: +0행 (증분, since 2026-03-16)
    fnspace_forward: +36,495행 (증분, since 2025-11-05)
    fnspace_finance: 22,834행 (전체 교체)
    fnspace_master: 315,013행 (전체 교체)
    universe: 97,835행 (전체 교체)
    har_universe: 30행 (전체 교체)
  동기화 완료
  ✓ PG→SQLite 동기화 완료 (19초)

──────────────────────────────────────────────────
  ▶ 백테스트
──────────────────────────────────────────────────

============================================================
Step 7: 백테스트
   기간: 2018-01-01 ~ 2026-04-01
   리밸런싱: 월간, 상위 30종목
   거래비용: 편도 30bp + 슬리피지
   비중: 시총비례 + 10% 캡
   시총하한: 5,000억원
   파이프라인: factor_engine (퀄리티필터→스코어링)
============================================================

  A0 (A0: 멀티팩터 전략) 백테스트 중...
     평균 포트폴리오: 29종목

============================================================
백테스트 결과 비교
============================================================

  전략                                   총수익률       CAGR        MDD     Sharpe
  ────────────────────────────────────────────────────────────────────────
  A0: 멀티팩터 전략                      +151.2%    +11.8%     37.3%       0.62
  ────────────────────────────────────────────────────────────────────────
  BM: KODEX 200                    +193.8%    +14.0%     32.2%       0.67

  IS: 2018-01-01 ~ 2024-06-30
  OOS: 2024-07-01 ~ 2026-04-01

  전략                             |  IS Sharpe     IS 수익률 | OOS Sharpe    OOS 수익률
  ──────────────────────────────────────────────────────────────────────────
  A0: 멀티팩터 전략                    |       0.27    +24.6% |       1.80   +101.6%
  ──────────────────────────────────────────────────────────────────────────
  BM: KODEX 200                  |       0.33    +34.7% |       1.60   +117.7%

  통계적 유의성 (vs KODEX 200)
  ────────────────────────────────────────────────────────────
  A0: 멀티팩터 전략: 월 -0.186%, t=-0.53, p=0.5994 -> 유의하지 않음

  Step 7 완료!
  JSON 캐시 저장: /Users/namsugyeong/Desktop/alpha_lab/cache/backtest_KOSPI_monthly.json
  PG 저장 실패 (JSON만 저장됨): near "%": syntax error
  ✓ 백테스트 완료 (20초)

──────────────────────────────────────────────────
  ▶ 강건성 검증
──────────────────────────────────────────────────
    IS: A0...
    OOS: A0...
    전체기간: A0...

================================================================================
테스트 1: In-Sample vs Out-of-Sample
   IS:  2018-01-01 ~ 2024-06-30
   OOS: 2024-07-01 ~ 2026-04-01
================================================================================

  전략                                 |     IS 수익률  IS Sharpe |    OOS 수익률 OOS Sharpe
  ────────────────────────────────────────────────────────────────────────────────
  A0: 멀티팩터 전략                        |     -37.5% -23963023477413768.00 |     -11.9% -23963023477413776.00

================================================================================
테스트 2: 통계적 유의성 vs KOSPI 200 (paired t-test + bootstrap)
================================================================================

  A0: 멀티팩터 전략:
    월평균 초과수익: -0.600% (n=99개월)
    t=-inf, p=0.0000
    95% CI: [-0.600%, -0.600%]
    Bootstrap 승률: 0.0%
    -> 유의하지 않음

================================================================================
테스트 3: 롤링 24개월 윈도우 vs KOSPI 200
================================================================================
  A0: 멀티팩터 전략: 양의 알파 0/76 (0%)

================================================================================
종합 판단
================================================================================
  A0: 멀티팩터 전략: p=0.000, 롤링승률=0%, OOS 약화

  차트 저장: /Users/namsugyeong/Desktop/alpha_lab/charts/robustness_result.png
  캐시 저장: /Users/namsugyeong/Desktop/alpha_lab/cache/robustness_results.json
  ✓ 강건성 검증 완료 (8초)

──────────────────────────────────────────────────
  ▶ Railway 배포
──────────────────────────────────────────────────
  캐시 커밋 완료
  railway up 실행 중...
  ✓ Railway 배포 완료 (0초)
  ✗ Railway 배포 실패: [Errno 2] No such file or directory: 'railway'

============================================================
  일일 파이프라인 완료  (148.2분)
  실행: 6단계, 실패: 1건
    ✗ Railway 배포: [Errno 2] No such file or directory: 'railway'
============================================================

============================================================
  Alpha Lab 일일 파이프라인
  2026-03-17 18:00
  DB: Railway PostgreSQL
============================================================

──────────────────────────────────────────────────
  ▶ 유니버스 재구축
──────────────────────────────────────────────────
리밸런싱 날짜: 296건
  [20/296] 2018-07-02 (biweekly): 262종목, 누적: 5,970건
  [40/296] 2019-02-01 (monthly): 259종목, 누적: 11,075건
  [60/296] 2019-08-16 (biweekly): 239종목, 누적: 16,373건
  [80/296] 2020-03-02 (biweekly): 242종목, 누적: 21,384건
  [100/296] 2020-10-05 (monthly): 300종목, 누적: 26,723건
  [120/296] 2021-04-15 (biweekly): 353종목, 누적: 33,160건
  [140/296] 2021-11-01 (biweekly): 375종목, 누적: 40,493건
  [160/296] 2022-06-02 (monthly): 361종목, 누적: 47,754건
  [180/296] 2022-12-15 (biweekly): 325종목, 누적: 54,307건
  [200/296] 2023-07-03 (biweekly): 361종목, 누적: 61,077건
  [220/296] 2024-02-01 (monthly): 356종목, 누적: 68,099건
  [240/296] 2024-08-16 (biweekly): 349종목, 누적: 75,377건
  [260/296] 2025-03-04 (biweekly): 357종목, 누적: 82,290건
  [280/296] 2025-10-01 (monthly): 424종목, 누적: 90,052건
  [296/296] 2026-03-03 (biweekly): 507종목, 누적: 97,441건

=== 완료: 97,441건 ===
  biweekly: 197회 리밸런싱, 평균 329.2종목/회
  monthly: 99회 리밸런싱, 평균 329.1종목/회
  ✓ 유니버스 재구축 완료 (9.8분)

──────────────────────────────────────────────────
  ▶ Forward/Consensus 수집
──────────────────────────────────────────────────
  universe 종목: 915개
  수집 기간: 20260317 ~ 20260317

============================================================
  Forward 지표 수집 (Consensus4Api)
  대상: 915종목, 기간: 20260317 ~ 20260317
============================================================
  스킵: 0종목 (완료), 수집: 915종목 (205개 구간)
  구간 20171229~20260317: 1종목 (10년분할)
  [5] 2021년 저장: 2건
  [10] 2026년 저장: 2건
  구간 20180214~20260317: 1종목 (9년분할)
  [15] 2022년 저장: 2건
  구간 20180317~20260317: 1종목 (9년분할)
  [20] 2018년 저장: 3건
  [25] 2023년 저장: 3건
  구간 20180421~20260317: 1종목 (9년분할)
  [30] 2019년 저장: 4건
  [35] 2024년 저장: 4건
  구간 20180428~20260317: 1종목 (9년분할)
  [40] 2020년 저장: 5건
  [45] 2025년 저장: 5건
  구간 20180505~20260317: 1종목 (9년분할)
  [50] 2021년 저장: 6건
  [55] 2026년 저장: 6건
  구간 20180512~20260317: 1종목 (9년분할)
  [60] 2022년 저장: 7건
  구간 20180608~20260317: 1종목 (9년분할)
  [65] 2018년 저장: 7건
  [70] 2023년 저장: 7건
  구간 20180613~20260317: 1종목 (9년분할)
    [WARN] Consensus4Api: 코인 및 사용량을 확인하십시오.
    [WARN] Consensus4Api: 코인 및 사용량을 확인하십시오.
    [WARN] Consensus4Api: 코인 및 사용량을 확인하십시오.
  [75] 2019년 저장: 8건
  [80] 2024년 저장: 8건
  구간 20180623~20260317: 1종목 (9년분할)
  [85] 2020년 저장: 8건
  [90] 2025년 저장: 8건
  구간 20180724~20260317: 1종목 (9년분할)
  [95] 2021년 저장: 8건
  [100] 2026년 저장: 8건
  구간 20180907~20260317: 1종목 (9년분할)
  [105] 2022년 저장: 8건
  구간 20180922~20260317: 3종목 (9년분할)
  [110] 2018년 저장: 8건
  [115] 2023년 저장: 8건
  구간 20181026~20260317: 1종목 (9년분할)
  [120] 2019년 저장: 8건
  [125] 2024년 저장: 8건
  구간 20181123~20260317: 1종목 (9년분할)
  [130] 2020년 저장: 8건
  [135] 2025년 저장: 8건
  구간 20181127~20260317: 1종목 (9년분할)
  [140] 2021년 저장: 8건
  [145] 2026년 저장: 8건
  구간 20181206~20260317: 1종목 (9년분할)
  [150] 2022년 저장: 8건
  구간 20181211~20260317: 1종목 (9년분할)
  [155] 2018년 저장: 8건
  [160] 2023년 저장: 8건
  구간 20181214~20260317: 1종목 (9년분할)
  [165] 2019년 저장: 8건
  [170] 2024년 저장: 8건
  구간 20181215~20260317: 1종목 (9년분할)
  [175] 2020년 저장: 8건
  [180] 2025년 저장: 8건
  구간 20181219~20260317: 1종목 (9년분할)
  [185] 2021년 저장: 8건
  [190] 2026년 저장: 8건
  구간 20181229~20260317: 2종목 (9년분할)
  [195] 2022년 저장: 8건
  구간 20190202~20260317: 1종목 (8년분할)
  [200] 2019년 저장: 8건
  [205] 2024년 저장: 8건
  구간 20190215~20260317: 1종목 (8년분할)
  [210] 2021년 저장: 8건
  [215] 2026년 저장: 8건
  구간 20190305~20260317: 1종목 (8년분할)
  [220] 2023년 저장: 8건
  구간 20190316~20260317: 1종목 (8년분할)
  [225] 2020년 저장: 8건
  [230] 2025년 저장: 8건
  구간 20190427~20260317: 1종목 (8년분할)
  [235] 2022년 저장: 8건
  구간 20190518~20260317: 1종목 (8년분할)
  [240] 2019년 저장: 8건
  [245] 2024년 저장: 8건
  구간 20190525~20260317: 2종목 (8년분할)
  [250] 2021년 저장: 8건
  [255] 2026년 저장: 8건
  구간 20190531~20260317: 1종목 (8년분할)
  [260] 2023년 저장: 8건
  구간 20190614~20260317: 1종목 (8년분할)
  [265] 2020년 저장: 8건
  [270] 2025년 저장: 8건
  구간 20190709~20260317: 1종목 (8년분할)
  [275] 2022년 저장: 8건
  구간 20190815~20260317: 1종목 (8년분할)
  [280] 2019년 저장: 8건
  [285] 2024년 저장: 8건
  구간 20190917~20260317: 1종목 (8년분할)
  [290] 2021년 저장: 8건
  [295] 2026년 저장: 8건
  구간 20190925~20260317: 1종목 (8년분할)
  [300] 2023년 저장: 8건
  구간 20191112~20260317: 1종목 (8년분할)
  [305] 2020년 저장: 8건
  [310] 2025년 저장: 8건
  구간 20191205~20260317: 1종목 (8년분할)
  [315] 2022년 저장: 8건
  구간 20200211~20260317: 1종목 (7년분할)
  [320] 2020년 저장: 8건
  [325] 2025년 저장: 8건
  구간 20200215~20260317: 1종목 (7년분할)
  [330] 2023년 저장: 9건
  구간 20200219~20260317: 1종목 (7년분할)
  [335] 2021년 저장: 9건
  [340] 2026년 저장: 9건
  구간 20200307~20260317: 2종목 (7년분할)
  [345] 2024년 저장: 11건
  구간 20200521~20260317: 1종목 (7년분할)
  [350] 2022년 저장: 11건
  구간 20200630~20260317: 2종목 (7년분할)
  [355] 2020년 저장: 11건
  [360] 2025년 저장: 11건
  구간 20200702~20260317: 1종목 (7년분할)
  [365] 2023년 저장: 11건
  구간 20200718~20260317: 1종목 (7년분할)
  [370] 2021년 저장: 12건
  [375] 2026년 저장: 12건
  구간 20200806~20260317: 1종목 (7년분할)
  [380] 2024년 저장: 12건
  구간 20200813~20260317: 1종목 (7년분할)
  [385] 2022년 저장: 12건
  구간 20200825~20260317: 1종목 (7년분할)
  [390] 2020년 저장: 12건
  [395] 2025년 저장: 12건
  구간 20200924~20260317: 1종목 (7년분할)
  [400] 2023년 저장: 12건
  구간 20201118~20260317: 1종목 (7년분할)
  [405] 2021년 저장: 12건
  [410] 2026년 저장: 12건
  구간 20201219~20260317: 1종목 (7년분할)
  [415] 2024년 저장: 13건
  구간 20201231~20260317: 1종목 (7년분할)
  [420] 2022년 저장: 15건
  구간 20210123~20260317: 1종목 (6년분할)
  [425] 2021년 저장: 16건
  [430] 2026년 저장: 16건
  구간 20210218~20260317: 1종목 (6년분할)
  [435] 2025년 저장: 16건
  구간 20210224~20260317: 1종목 (6년분할)
  [440] 2024년 저장: 16건
  구간 20210306~20260317: 1종목 (6년분할)
  [445] 2023년 저장: 17건
  구간 20210408~20260317: 1종목 (6년분할)
  [450] 2022년 저장: 17건
  구간 20210413~20260317: 1종목 (6년분할)
  [455] 2021년 저장: 17건
  [460] 2026년 저장: 17건
  구간 20210424~20260317: 1종목 (6년분할)
  ✓ Forward/Consensus 수집 완료 (46.9분)
  ✗ Forward/Consensus 수집 실패: SSL connection has been closed unexpectedly


──────────────────────────────────────────────────
  ▶ 백테스트
──────────────────────────────────────────────────

  ── KOSPI / monthly ──

============================================================
Step 7: 백테스트
   기간: 2018-04-01 ~ 2026-04-01
   리밸런싱: 월간, 상위 30종목
   거래비용: 편도 30bp + 슬리피지
   비중: 시총비례 + 10% 캡
   시총하한: 5,000억원
   파이프라인: factor_engine (퀄리티필터→스코어링)
============================================================

  A0 (A0: 멀티팩터 전략) 백테스트 중...
     평균 포트폴리오: 30종목

============================================================
백테스트 결과 비교
============================================================

  전략                                   총수익률       CAGR        MDD     Sharpe
  ────────────────────────────────────────────────────────────────────────
  A0: 멀티팩터 전략                      +152.9%    +12.3%     37.0%       0.64
  ────────────────────────────────────────────────────────────────────────
  BM: KODEX 200                    +208.8%    +15.1%     32.2%       0.72

  IS: 2018-04-01 ~ 2024-06-30
  OOS: 2024-07-01 ~ 2026-04-01

  전략                             |  IS Sharpe     IS 수익률 | OOS Sharpe    OOS 수익률
  ──────────────────────────────────────────────────────────────────────────
  A0: 멀티팩터 전략                    |       0.28    +26.1% |       1.79   +100.5%
  ──────────────────────────────────────────────────────────────────────────
  BM: KODEX 200                  |       0.36    +39.1% |       1.64   +121.6%

  통계적 유의성 (vs KODEX 200)
  ────────────────────────────────────────────────────────────
  A0: 멀티팩터 전략: 월 -0.232%, t=-0.65, p=0.5145 -> 유의하지 않음

  Step 7 완료!
  JSON 캐시 저장: /Users/namsugyeong/Desktop/alpha_lab/cache/backtest_KOSPI_monthly.json
  PG 캐시 저장: KOSPI/monthly (2건)
    [20/96] A0 포트폴리오 캐시...
    [40/96] A0 포트폴리오 캐시...
    [60/96] A0 포트폴리오 캐시...
    [80/96] A0 포트폴리오 캐시...
  JSON 포트폴리오 캐시 저장: /Users/namsugyeong/Desktop/alpha_lab/cache/holdings_KOSPI_monthly.json, /Users/namsugyeong/Desktop/alpha_lab/cache/attribution_KOSPI_monthly.json
  PG holdings/attribution 저장: KOSPI/monthly

  ── KOSPI / biweekly ──

============================================================
Step 7: 백테스트
   기간: 2018-04-01 ~ 2026-04-01
   리밸런싱: 격주, 상위 30종목
   거래비용: 편도 30bp + 슬리피지
   비중: 시총비례 + 10% 캡
   시총하한: 5,000억원
   파이프라인: factor_engine (퀄리티필터→스코어링)
============================================================

  A0 (A0: 멀티팩터 전략) 백테스트 중...
     평균 포트폴리오: 30종목

============================================================
백테스트 결과 비교
============================================================

  전략                                   총수익률       CAGR        MDD     Sharpe
  ────────────────────────────────────────────────────────────────────────
  A0: 멀티팩터 전략                      +118.4%     +5.0%     35.7%       0.40
  ────────────────────────────────────────────────────────────────────────
  BM: KODEX 200                    +208.8%     +7.3%     32.3%       0.55

  IS: 2018-04-01 ~ 2024-06-30
  OOS: 2024-07-01 ~ 2026-04-01

  전략                             |  IS Sharpe     IS 수익률 | OOS Sharpe    OOS 수익률
  ──────────────────────────────────────────────────────────────────────────
  A0: 멀티팩터 전략                    |       0.19    +22.4% |       1.13    +78.5%
  ──────────────────────────────────────────────────────────────────────────
  BM: KODEX 200                  |       0.27    +39.1% |       1.33   +121.6%

  통계적 유의성 (vs KODEX 200)
  ────────────────────────────────────────────────────────────
  A0: 멀티팩터 전략: 월 -0.182%, t=-0.99, p=0.3233 -> 유의하지 않음

  Step 7 완료!
  JSON 캐시 저장: /Users/namsugyeong/Desktop/alpha_lab/cache/backtest_KOSPI_biweekly.json
  PG 캐시 저장: KOSPI/biweekly (2건)
    [20/191] A0 포트폴리오 캐시...
    [40/191] A0 포트폴리오 캐시...
    [60/191] A0 포트폴리오 캐시...
    [80/191] A0 포트폴리오 캐시...
    [100/191] A0 포트폴리오 캐시...
    [120/191] A0 포트폴리오 캐시...
    [140/191] A0 포트폴리오 캐시...
    [160/191] A0 포트폴리오 캐시...
    [180/191] A0 포트폴리오 캐시...
  JSON 포트폴리오 캐시 저장: /Users/namsugyeong/Desktop/alpha_lab/cache/holdings_KOSPI_biweekly.json, /Users/namsugyeong/Desktop/alpha_lab/cache/attribution_KOSPI_biweekly.json
  PG holdings/attribution 저장: KOSPI/biweekly

  ── KOSPI+KOSDAQ / monthly ──

============================================================
Step 7: 백테스트
   기간: 2018-04-01 ~ 2026-04-01
   리밸런싱: 월간, 상위 30종목
   거래비용: 편도 30bp + 슬리피지
   비중: 시총비례 + 10% 캡
   시총하한: 5,000억원
   파이프라인: factor_engine (퀄리티필터→스코어링)
============================================================

  A0 (A0: 멀티팩터 전략) 백테스트 중...
     평균 포트폴리오: 30종목

============================================================
백테스트 결과 비교
============================================================

  전략                                   총수익률       CAGR        MDD     Sharpe
  ────────────────────────────────────────────────────────────────────────
  A0: 멀티팩터 전략                      +130.1%    +11.0%     38.0%       0.59
  ────────────────────────────────────────────────────────────────────────
  BM: KRX 300                      +257.0%    +17.2%     37.5%       0.71

  IS: 2018-04-01 ~ 2024-06-30
  OOS: 2024-07-01 ~ 2026-04-01

  전략                             |  IS Sharpe     IS 수익률 | OOS Sharpe    OOS 수익률
  ──────────────────────────────────────────────────────────────────────────
  A0: 멀티팩터 전략                    |       0.33    +33.8% |       1.42    +72.0%
  ──────────────────────────────────────────────────────────────────────────
  BM: KRX 300                    |       0.41    +53.0% |       1.43   +133.2%

  통계적 유의성 (vs KRX 300)
  ────────────────────────────────────────────────────────────
  A0: 멀티팩터 전략: 월 -0.575%, t=-1.09, p=0.2766 -> 유의하지 않음

  Step 7 완료!
  JSON 캐시 저장: /Users/namsugyeong/Desktop/alpha_lab/cache/backtest_KOSPI_KOSDAQ_monthly.json
  PG 캐시 저장: KOSPI+KOSDAQ/monthly (2건)
    [20/96] A0 포트폴리오 캐시...
    [40/96] A0 포트폴리오 캐시...
    [60/96] A0 포트폴리오 캐시...
    [80/96] A0 포트폴리오 캐시...
  JSON 포트폴리오 캐시 저장: /Users/namsugyeong/Desktop/alpha_lab/cache/holdings_KOSPI_KOSDAQ_monthly.json, /Users/namsugyeong/Desktop/alpha_lab/cache/attribution_KOSPI_KOSDAQ_monthly.json
  PG holdings/attribution 저장: KOSPI+KOSDAQ/monthly

  ── KOSPI+KOSDAQ / biweekly ──

============================================================
Step 7: 백테스트
   기간: 2018-04-01 ~ 2026-04-01
   리밸런싱: 격주, 상위 30종목
   거래비용: 편도 30bp + 슬리피지
   비중: 시총비례 + 10% 캡
   시총하한: 5,000억원
   파이프라인: factor_engine (퀄리티필터→스코어링)
============================================================

  A0 (A0: 멀티팩터 전략) 백테스트 중...
     평균 포트폴리오: 30종목

============================================================
백테스트 결과 비교
============================================================

  전략                                   총수익률       CAGR        MDD     Sharpe
  ────────────────────────────────────────────────────────────────────────
  A0: 멀티팩터 전략                      +118.2%     +5.0%     38.3%       0.40
  ────────────────────────────────────────────────────────────────────────
  BM: KRX 300                      +257.0%     +8.3%     39.0%       0.55

  IS: 2018-04-01 ~ 2024-06-30
  OOS: 2024-07-01 ~ 2026-04-01

  전략                             |  IS Sharpe     IS 수익률 | OOS Sharpe    OOS 수익률
  ──────────────────────────────────────────────────────────────────────────
  A0: 멀티팩터 전략                    |       0.22    +29.0% |       0.97    +69.2%
  ──────────────────────────────────────────────────────────────────────────
  BM: KRX 300                    |       0.30    +53.0% |       1.19   +133.2%

  통계적 유의성 (vs KRX 300)
  ────────────────────────────────────────────────────────────
  A0: 멀티팩터 전략: 월 -0.286%, t=-1.16, p=0.2457 -> 유의하지 않음

  Step 7 완료!
  JSON 캐시 저장: /Users/namsugyeong/Desktop/alpha_lab/cache/backtest_KOSPI_KOSDAQ_biweekly.json
  PG 캐시 저장: KOSPI+KOSDAQ/biweekly (2건)
    [20/191] A0 포트폴리오 캐시...
    [40/191] A0 포트폴리오 캐시...
    [60/191] A0 포트폴리오 캐시...
    [80/191] A0 포트폴리오 캐시...
    [100/191] A0 포트폴리오 캐시...
    [120/191] A0 포트폴리오 캐시...
    [140/191] A0 포트폴리오 캐시...
    [160/191] A0 포트폴리오 캐시...
    [180/191] A0 포트폴리오 캐시...
  JSON 포트폴리오 캐시 저장: /Users/namsugyeong/Desktop/alpha_lab/cache/holdings_KOSPI_KOSDAQ_biweekly.json, /Users/namsugyeong/Desktop/alpha_lab/cache/attribution_KOSPI_KOSDAQ_biweekly.json
  PG holdings/attribution 저장: KOSPI+KOSDAQ/biweekly
  ✓ 백테스트 완료 (136.5분)

──────────────────────────────────────────────────
  ▶ 강건성 검증
──────────────────────────────────────────────────
  ✓ 강건성 검증 완료 (7초)
  ✗ 강건성 검증 실패: test_is_oos_split() missing 1 required positional argument: 'full_results'

──────────────────────────────────────────────────
  ▶ Railway 배포
──────────────────────────────────────────────────
  railway up 실행 중...
  ✓ Railway 배포 완료 (0초)
  ✗ Railway 배포 실패: [Errno 2] No such file or directory: 'railway'

============================================================
  일일 파이프라인 완료  (193.3분)
  실행: 5단계, 실패: 3건
    ✗ Forward/Consensus 수집: SSL connection has been closed unexpectedly

    ✗ 강건성 검증: test_is_oos_split() missing 1 required positional argument: 'full_results'
    ✗ Railway 배포: [Errno 2] No such file or directory: 'railway'
============================================================

============================================================
  Alpha Lab 일일 파이프라인
  2026-03-18 18:00
  DB: Railway PostgreSQL
============================================================

──────────────────────────────────────────────────
  ▶ Forward/Consensus 수집
──────────────────────────────────────────────────
  universe 종목: 915개
  이미 최신 상태
  ✓ Forward/Consensus 수집 완료 (6초)

──────────────────────────────────────────────────
  ▶ 백테스트
──────────────────────────────────────────────────

  ── KOSPI / monthly ──

============================================================
Step 7: 백테스트
   기간: 2018-04-01 ~ 2026-04-01
   리밸런싱: 월간, 상위 30종목
   거래비용: 편도 30bp + 슬리피지
   비중: 시총비례 + 10% 캡
   시총하한: 5,000억원
   파이프라인: factor_engine (퀄리티필터→스코어링)
============================================================

  A0 (A0: 멀티팩터 전략) 백테스트 중...
     평균 포트폴리오: 30종목

============================================================
백테스트 결과 비교
============================================================

  전략                                   총수익률       CAGR        MDD     Sharpe
  ────────────────────────────────────────────────────────────────────────
  A0: 멀티팩터 전략                      +174.6%    +13.5%     38.9%       0.66
  ────────────────────────────────────────────────────────────────────────
  BM: KODEX 200                    +214.9%    +15.5%     32.2%       0.73

  IS: 2018-04-01 ~ 2024-06-30
  OOS: 2024-07-01 ~ 2026-04-01

  전략                             |  IS Sharpe     IS 수익률 | OOS Sharpe    OOS 수익률
  ──────────────────────────────────────────────────────────────────────────
  A0: 멀티팩터 전략                    |       0.27    +24.8% |       1.87   +120.1%
  ──────────────────────────────────────────────────────────────────────────
  BM: KODEX 200                  |       0.37    +39.1% |       1.70   +126.0%

  통계적 유의성 (vs KODEX 200)
  ────────────────────────────────────────────────────────────
  A0: 멀티팩터 전략: 월 -0.146%, t=-0.41, p=0.6801 -> 유의하지 않음

  Step 7 완료!
  JSON 캐시 저장: /Users/namsugyeong/Desktop/alpha_lab/cache/backtest_KOSPI_monthly.json
  PG 캐시 저장: KOSPI/monthly (2건)
    [20/96] A0 포트폴리오 캐시...
    [40/96] A0 포트폴리오 캐시...
    [60/96] A0 포트폴리오 캐시...
    [80/96] A0 포트폴리오 캐시...
  JSON 포트폴리오 캐시 저장: /Users/namsugyeong/Desktop/alpha_lab/cache/holdings_KOSPI_monthly.json, /Users/namsugyeong/Desktop/alpha_lab/cache/attribution_KOSPI_monthly.json
  PG holdings/attribution 저장: KOSPI/monthly

  ── KOSPI / biweekly ──

============================================================
Step 7: 백테스트
   기간: 2018-04-01 ~ 2026-04-01
   리밸런싱: 격주, 상위 30종목
   거래비용: 편도 30bp + 슬리피지
   비중: 시총비례 + 10% 캡
   시총하한: 5,000억원
   파이프라인: factor_engine (퀄리티필터→스코어링)
============================================================

  A0 (A0: 멀티팩터 전략) 백테스트 중...
     평균 포트폴리오: 30종목

============================================================
백테스트 결과 비교
============================================================

  전략                                   총수익률       CAGR        MDD     Sharpe
  ────────────────────────────────────────────────────────────────────────
  A0: 멀티팩터 전략                      +132.1%    +11.2%     37.8%       0.59
  ────────────────────────────────────────────────────────────────────────
  BM: KODEX 200                    +214.9%    +15.5%     32.3%       0.79

  IS: 2018-04-01 ~ 2024-06-30
  OOS: 2024-07-01 ~ 2026-04-01

  전략                             |  IS Sharpe     IS 수익률 | OOS Sharpe    OOS 수익률
  ──────────────────────────────────────────────────────────────────────────
  A0: 멀티팩터 전략                    |       0.25    +21.2% |       1.71    +91.5%
  ──────────────────────────────────────────────────────────────────────────
  BM: KODEX 200                  |       0.38    +39.1% |       1.94   +126.0%

  통계적 유의성 (vs KODEX 200)
  ────────────────────────────────────────────────────────────
  A0: 멀티팩터 전략: 월 -0.153%, t=-0.81, p=0.4165 -> 유의하지 않음

  Step 7 완료!
  JSON 캐시 저장: /Users/namsugyeong/Desktop/alpha_lab/cache/backtest_KOSPI_biweekly.json
  PG 캐시 저장: KOSPI/biweekly (2건)
    [20/191] A0 포트폴리오 캐시...
    [40/191] A0 포트폴리오 캐시...
    [60/191] A0 포트폴리오 캐시...
    [80/191] A0 포트폴리오 캐시...
    [100/191] A0 포트폴리오 캐시...
    [120/191] A0 포트폴리오 캐시...
    [140/191] A0 포트폴리오 캐시...
    [160/191] A0 포트폴리오 캐시...
    [180/191] A0 포트폴리오 캐시...
  JSON 포트폴리오 캐시 저장: /Users/namsugyeong/Desktop/alpha_lab/cache/holdings_KOSPI_biweekly.json, /Users/namsugyeong/Desktop/alpha_lab/cache/attribution_KOSPI_biweekly.json
  PG holdings/attribution 저장: KOSPI/biweekly

  ── KOSPI+KOSDAQ / monthly ──

============================================================
Step 7: 백테스트
   기간: 2018-04-01 ~ 2026-04-01
   리밸런싱: 월간, 상위 30종목
   거래비용: 편도 30bp + 슬리피지
   비중: 시총비례 + 10% 캡
   시총하한: 5,000억원
   파이프라인: factor_engine (퀄리티필터→스코어링)
============================================================

  A0 (A0: 멀티팩터 전략) 백테스트 중...
     평균 포트폴리오: 30종목

============================================================
백테스트 결과 비교
============================================================

  전략                                   총수익률       CAGR        MDD     Sharpe
  ────────────────────────────────────────────────────────────────────────
  A0: 멀티팩터 전략                      +138.2%    +11.5%     39.1%       0.61
  ────────────────────────────────────────────────────────────────────────
  BM: KRX 300                      +261.8%    +17.5%     37.5%       0.71

  IS: 2018-04-01 ~ 2024-06-30
  OOS: 2024-07-01 ~ 2026-04-01

  전략                             |  IS Sharpe     IS 수익률 | OOS Sharpe    OOS 수익률
  ──────────────────────────────────────────────────────────────────────────
  A0: 멀티팩터 전략                    |       0.32    +32.9% |       1.52    +79.1%
  ──────────────────────────────────────────────────────────────────────────
  BM: KRX 300                    |       0.41    +53.0% |       1.46   +136.3%

  통계적 유의성 (vs KRX 300)
  ────────────────────────────────────────────────────────────
  A0: 멀티팩터 전략: 월 -0.547%, t=-1.04, p=0.3012 -> 유의하지 않음

  Step 7 완료!
  JSON 캐시 저장: /Users/namsugyeong/Desktop/alpha_lab/cache/backtest_KOSPI_KOSDAQ_monthly.json
  PG 캐시 저장: KOSPI+KOSDAQ/monthly (2건)
    [20/96] A0 포트폴리오 캐시...
    [40/96] A0 포트폴리오 캐시...
    [60/96] A0 포트폴리오 캐시...
    [80/96] A0 포트폴리오 캐시...
  JSON 포트폴리오 캐시 저장: /Users/namsugyeong/Desktop/alpha_lab/cache/holdings_KOSPI_KOSDAQ_monthly.json, /Users/namsugyeong/Desktop/alpha_lab/cache/attribution_KOSPI_KOSDAQ_monthly.json
  PG holdings/attribution 저장: KOSPI+KOSDAQ/monthly

  ── KOSPI+KOSDAQ / biweekly ──

============================================================
Step 7: 백테스트
   기간: 2018-04-01 ~ 2026-04-01
   리밸런싱: 격주, 상위 30종목
   거래비용: 편도 30bp + 슬리피지
   비중: 시총비례 + 10% 캡
   시총하한: 5,000억원
   파이프라인: factor_engine (퀄리티필터→스코어링)
============================================================

  A0 (A0: 멀티팩터 전략) 백테스트 중...
     평균 포트폴리오: 30종목

============================================================
백테스트 결과 비교
============================================================

  전략                                   총수익률       CAGR        MDD     Sharpe
  ────────────────────────────────────────────────────────────────────────
  A0: 멀티팩터 전략                      +130.0%    +11.0%     38.6%       0.59
  ────────────────────────────────────────────────────────────────────────
  BM: KRX 300                      +261.8%    +17.5%     39.0%       0.78

  IS: 2018-04-01 ~ 2024-06-30
  OOS: 2024-07-01 ~ 2026-04-01

  전략                             |  IS Sharpe     IS 수익률 | OOS Sharpe    OOS 수익률
  ──────────────────────────────────────────────────────────────────────────
  A0: 멀티팩터 전략                    |       0.31    +30.6% |       1.47    +76.1%
  ──────────────────────────────────────────────────────────────────────────
  BM: KRX 300                    |       0.43    +53.0% |       1.71   +136.3%

  통계적 유의성 (vs KRX 300)
  ────────────────────────────────────────────────────────────
  A0: 멀티팩터 전략: 월 -0.263%, t=-1.07, p=0.2876 -> 유의하지 않음

  Step 7 완료!
  JSON 캐시 저장: /Users/namsugyeong/Desktop/alpha_lab/cache/backtest_KOSPI_KOSDAQ_biweekly.json
  PG 캐시 저장: KOSPI+KOSDAQ/biweekly (2건)
    [20/191] A0 포트폴리오 캐시...
    [40/191] A0 포트폴리오 캐시...
    [60/191] A0 포트폴리오 캐시...
    [80/191] A0 포트폴리오 캐시...
    [100/191] A0 포트폴리오 캐시...
    [120/191] A0 포트폴리오 캐시...
    [140/191] A0 포트폴리오 캐시...
    [160/191] A0 포트폴리오 캐시...
    [180/191] A0 포트폴리오 캐시...
  JSON 포트폴리오 캐시 저장: /Users/namsugyeong/Desktop/alpha_lab/cache/holdings_KOSPI_KOSDAQ_biweekly.json, /Users/namsugyeong/Desktop/alpha_lab/cache/attribution_KOSPI_KOSDAQ_biweekly.json
  PG holdings/attribution 저장: KOSPI+KOSDAQ/biweekly
  ✓ 백테스트 완료 (143.7분)

──────────────────────────────────────────────────
  ▶ 강건성 검증
──────────────────────────────────────────────────
  ✓ 강건성 검증 완료 (7초)
  ✗ 강건성 검증 실패: test_is_oos_split() missing 1 required positional argument: 'full_results'

============================================================
  일일 파이프라인 완료  (143.9분)
  실행: 3단계, 실패: 1건
    ✗ 강건성 검증: test_is_oos_split() missing 1 required positional argument: 'full_results'
============================================================

============================================================
  Alpha Lab 일일 파이프라인
  2026-03-19 18:14
  DB: Railway PostgreSQL
============================================================

──────────────────────────────────────────────────
  ▶ 유니버스 재구축
──────────────────────────────────────────────────
  ✓ 유니버스 재구축 완료 (0초)
  ✗ 유니버스 재구축 실패: could not translate host name "metro.proxy.rlwy.net" to address: nodename nor servname provided, or not known


──────────────────────────────────────────────────
  ▶ Forward/Consensus 수집
──────────────────────────────────────────────────
  ✓ Forward/Consensus 수집 완료 (0초)
  ✗ Forward/Consensus 수집 실패: could not translate host name "metro.proxy.rlwy.net" to address: nodename nor servname provided, or not known


──────────────────────────────────────────────────
  ▶ 백테스트
──────────────────────────────────────────────────

  ── KOSPI / monthly ──

============================================================
Step 7: 백테스트
   기간: 2018-04-01 ~ 2026-04-01
   리밸런싱: 월간, 상위 30종목
   거래비용: 편도 30bp + 슬리피지
   비중: 시총비례 + 10% 캡
   시총하한: 5,000억원
   파이프라인: factor_engine (퀄리티필터→스코어링)
============================================================

  A0 (A0: 멀티팩터 전략) 백테스트 중...
  ✓ 백테스트 완료 (1초)
  ✗ 백테스트 실패: could not translate host name "metro.proxy.rlwy.net" to address: nodename nor servname provided, or not known


──────────────────────────────────────────────────
  ▶ 강건성 검증
──────────────────────────────────────────────────
  PG 로드 실패 (JSON fallback): could not translate host name "metro.proxy.rlwy.net" to address: nodename nor servname provided, or not known


================================================================================
테스트 1: In-Sample vs Out-of-Sample
   IS:  2018-04-01 ~ 2024-06-30
   OOS: 2024-07-01 ~ 2026-04-01
================================================================================

  전략                                 |     IS 수익률  IS Sharpe |    OOS 수익률 OOS Sharpe
  ────────────────────────────────────────────────────────────────────────────────
  A0: 멀티팩터 전략                        |     +24.8%       0.27 |    +125.6%       1.95
  ────────────────────────────────────────────────────────────────────────────────
  BM: KOSPI 200                      |     +39.4%          ─ |    +138.6%          ─

================================================================================
테스트 2: 통계적 유의성 vs KOSPI 200 (paired t-test + bootstrap)
================================================================================

  A0: 멀티팩터 전략:
    월평균 초과수익: -0.178% (n=96개월)
    t=-0.50, p=0.6190
    95% CI: [-0.869%, +0.512%]
    Bootstrap 승률: 31.2%
    -> 유의하지 않음

================================================================================
테스트 3: 롤링 24개월 윈도우 vs KOSPI 200
================================================================================
  A0: 멀티팩터 전략: 양의 알파 28/73 (38%)

================================================================================
종합 판단
================================================================================
  A0: 멀티팩터 전략: p=0.619, 롤링승률=38%, OOS 유지

  차트 저장: /Users/namsugyeong/Desktop/alpha_lab/charts/robustness_result.png
  JSON 캐시 저장: /Users/namsugyeong/Desktop/alpha_lab/cache/robustness_results.json
  PG 저장 실패: could not translate host name "metro.proxy.rlwy.net" to address: nodename nor servname provided, or not known

  ✓ 강건성 검증 완료 (9.6분)

============================================================
  일일 파이프라인 완료  (9.6분)
  실행: 4단계, 실패: 3건
    ✗ 유니버스 재구축: could not translate host name "metro.proxy.rlwy.net" to address: nodename nor servname provided, or not known

    ✗ Forward/Consensus 수집: could not translate host name "metro.proxy.rlwy.net" to address: nodename nor servname provided, or not known

    ✗ 백테스트: could not translate host name "metro.proxy.rlwy.net" to address: nodename nor servname provided, or not known

============================================================

============================================================
  Alpha Lab 일일 파이프라인
  2026-03-20 18:05
  DB: Railway PostgreSQL
============================================================

──────────────────────────────────────────────────
  ▶ 유니버스 재구축
──────────────────────────────────────────────────
  ✓ 유니버스 재구축 완료 (0초)
  ✗ 유니버스 재구축 실패: could not translate host name "metro.proxy.rlwy.net" to address: nodename nor servname provided, or not known


──────────────────────────────────────────────────
  ▶ Forward/Consensus 수집
──────────────────────────────────────────────────
  ✓ Forward/Consensus 수집 완료 (0초)
  ✗ Forward/Consensus 수집 실패: could not translate host name "metro.proxy.rlwy.net" to address: nodename nor servname provided, or not known


──────────────────────────────────────────────────
  ▶ 백테스트
──────────────────────────────────────────────────

  ── KOSPI / monthly ──

============================================================
Step 7: 백테스트
   기간: 2018-04-01 ~ 2026-04-01
   리밸런싱: 월간, 상위 30종목
   거래비용: 편도 30bp + 슬리피지
   비중: 시총비례 + 10% 캡
   시총하한: 5,000억원
   파이프라인: factor_engine (퀄리티필터→스코어링)
============================================================

  A0 (A0: 멀티팩터 전략) 백테스트 중...
  ✓ 백테스트 완료 (1초)
  ✗ 백테스트 실패: could not translate host name "metro.proxy.rlwy.net" to address: nodename nor servname provided, or not known


──────────────────────────────────────────────────
  ▶ 강건성 검증
──────────────────────────────────────────────────
  PG 로드 실패 (JSON fallback): could not translate host name "metro.proxy.rlwy.net" to address: nodename nor servname provided, or not known


================================================================================
테스트 1: In-Sample vs Out-of-Sample
   IS:  2018-04-01 ~ 2024-06-30
   OOS: 2024-07-01 ~ 2026-04-01
================================================================================

  전략                                 |     IS 수익률  IS Sharpe |    OOS 수익률 OOS Sharpe
  ────────────────────────────────────────────────────────────────────────────────
  A0: 멀티팩터 전략                        |     +24.8%       0.27 |    +120.8%       1.87
  ────────────────────────────────────────────────────────────────────────────────
  BM: KOSPI 200                      |     +39.4%          ─ |    +131.6%          ─

================================================================================
테스트 2: 통계적 유의성 vs KOSPI 200 (paired t-test + bootstrap)
================================================================================

  A0: 멀티팩터 전략:
    월평균 초과수익: -0.168% (n=96개월)
    t=-0.47, p=0.6378
    95% CI: [-0.853%, +0.521%]
    Bootstrap 승률: 31.9%
    -> 유의하지 않음

================================================================================
테스트 3: 롤링 24개월 윈도우 vs KOSPI 200
================================================================================
  A0: 멀티팩터 전략: 양의 알파 28/73 (38%)

================================================================================
종합 판단
================================================================================
  A0: 멀티팩터 전략: p=0.638, 롤링승률=38%, OOS 유지

  차트 저장: /Users/namsugyeong/Desktop/alpha_lab/charts/robustness_result.png
  JSON 캐시 저장: /Users/namsugyeong/Desktop/alpha_lab/cache/robustness_results.json
  PG 저장 실패: could not translate host name "metro.proxy.rlwy.net" to address: nodename nor servname provided, or not known

  ✓ 강건성 검증 완료 (34.9분)

============================================================
  일일 파이프라인 완료  (34.9분)
  실행: 4단계, 실패: 3건
    ✗ 유니버스 재구축: could not translate host name "metro.proxy.rlwy.net" to address: nodename nor servname provided, or not known

    ✗ Forward/Consensus 수집: could not translate host name "metro.proxy.rlwy.net" to address: nodename nor servname provided, or not known

    ✗ 백테스트: could not translate host name "metro.proxy.rlwy.net" to address: nodename nor servname provided, or not known

============================================================
